<?xml version="1.0" encoding="UTF-8"?>
<!-- Generated by org.testng.reporters.JUnitReportReporter -->
<testsuite hostname="LAPTOP-F0UONMJM" failures="0" tests="1" name="com.inetbanking.testcase.TC_Login_001" time="3.242" errors="0" timestamp="2024-02-06T14:11:07 IST" skipped="0">
  <testcase classname="com.inetbanking.testcase.TC_Login_001" name="loginTest" time="3.242"/>
</testsuite> <!-- com.inetbanking.testcase.TC_Login_001 -->
